Log file open, 10/31/21 01:31:08
LogWindows: Failed to load 'aqProf.dll' (GetLastError=126)
LogWindows: File 'aqProf.dll' does not exist
LogWindows: Failed to load 'VtuneApi.dll' (GetLastError=126)
LogWindows: File 'VtuneApi.dll' does not exist
LogWindows: Failed to load 'VtuneApi32e.dll' (GetLastError=126)
LogWindows: File 'VtuneApi32e.dll' does not exist
LogConsoleResponse: Display: Failed to find resolution value strings in scalability ini. Falling back to default.
LogConsoleResponse: Display: Failed to find resolution value strings in scalability ini. Falling back to default.
LogInit: Display: Running engine for game: PaperNinja
LogPlatformFile: Not using cached read wrapper
LogTaskGraph: Started task graph with 5 named threads and 47 total threads with 3 sets of task threads.
LogStats: Stats thread started at 0.287362
LogICUInternationalization: ICU TimeZone Detection - Raw Offset: +9:00, Platform Override: ''
LogInit: Display: Loading text-based GConfig....
LogPluginManager: Mounting plugin MeshPainting
LogPluginManager: Mounting plugin XGEController
LogPluginManager: Mounting plugin Paper2D
LogPluginManager: Mounting plugin LiveLink
LogPluginManager: Mounting plugin AISupport
LogPluginManager: Mounting plugin EnvironmentQueryEditor
LogPluginManager: Mounting plugin LightPropagationVolume
LogPluginManager: Mounting plugin GameplayCameras
LogPluginManager: Mounting plugin AnimationSharing
LogPluginManager: Mounting plugin OodleData
LogPluginManager: Mounting plugin CameraShakePreviewer
LogPluginManager: Mounting plugin CLionSourceCodeAccess
LogPluginManager: Mounting plugin OodleNetwork
LogPluginManager: Mounting plugin GitSourceControl
LogPluginManager: Mounting plugin CodeLiteSourceCodeAccess
LogPluginManager: Mounting plugin KDevelopSourceCodeAccess
LogPluginManager: Mounting plugin PixWinPlugin
LogPluginManager: Mounting plugin NullSourceCodeAccess
LogPluginManager: Mounting plugin PropertyAccessNode
LogPluginManager: Mounting plugin PluginUtils
LogPluginManager: Mounting plugin PerforceSourceControl
LogPluginManager: Mounting plugin PlasticSourceControl
LogPluginManager: Mounting plugin SubversionSourceControl
LogPluginManager: Mounting plugin TextureFormatOodle
LogPluginManager: Mounting plugin RiderSourceCodeAccess
LogPluginManager: Mounting plugin UObjectPlugin
LogPluginManager: Mounting plugin AssetManagerEditor
LogPluginManager: Mounting plugin VisualStudioSourceCodeAccess
LogPluginManager: Mounting plugin VisualStudioCodeSourceCodeAccess
LogPluginManager: Mounting plugin XCodeSourceCodeAccess
LogPluginManager: Mounting plugin CurveEditorTools
LogPluginManager: Mounting plugin DataValidation
LogPluginManager: Mounting plugin CryptoKeys
LogPluginManager: Mounting plugin GeometryMode
LogPluginManager: Mounting plugin GameplayTagsEditor
LogPluginManager: Mounting plugin FacialAnimation
LogPluginManager: Mounting plugin MacGraphicsSwitching
LogPluginManager: Mounting plugin MaterialAnalyzer
LogPluginManager: Mounting plugin MobileLauncherProfileWizard
LogPluginManager: Mounting plugin PluginBrowser
LogPluginManager: Mounting plugin SpeedTreeImporter
LogPluginManager: Mounting plugin DatasmithContent
LogPluginManager: Mounting plugin VariantManagerContent
LogPluginManager: Mounting plugin AlembicImporter
LogPluginManager: Mounting plugin BackChannel
LogPluginManager: Mounting plugin AutomationUtils
LogPluginManager: Mounting plugin Niagara
LogPluginManager: Mounting plugin ChaosCloth
LogPluginManager: Mounting plugin ChaosClothEditor
LogPluginManager: Mounting plugin ChaosNiagara
LogPluginManager: Mounting plugin ChaosEditor
LogPluginManager: Mounting plugin ChaosSolverPlugin
LogPluginManager: Mounting plugin CharacterAI
LogPluginManager: Mounting plugin GeometryCache
LogPluginManager: Mounting plugin GeometryCollectionPlugin
LogPluginManager: Mounting plugin GeometryProcessing
LogPluginManager: Mounting plugin OpenImageDenoise
LogPluginManager: Mounting plugin MotoSynth
LogPluginManager: Mounting plugin PlanarCut
LogPluginManager: Mounting plugin PlatformCrypto
LogPluginManager: Mounting plugin ProxyLODPlugin
LogPluginManager: Mounting plugin PythonScriptPlugin
LogPluginManager: Mounting plugin SkeletalReduction
LogPluginManager: Mounting plugin LuminPlatformFeatures
LogPluginManager: Mounting plugin MagicLeap
LogPluginManager: Mounting plugin MagicLeapMedia
LogPluginManager: Mounting plugin MagicLeapLightEstimation
LogPluginManager: Mounting plugin MagicLeapPassableWorld
LogPluginManager: Mounting plugin MLSDK
LogPluginManager: Mounting plugin AndroidMedia
LogPluginManager: Mounting plugin AvfMedia
LogPluginManager: Mounting plugin ImgMedia
LogPluginManager: Mounting plugin MediaCompositing
LogPluginManager: Mounting plugin MediaPlayerEditor
LogPluginManager: Mounting plugin WebMMedia
LogPluginManager: Mounting plugin WmfMedia
LogPluginManager: Mounting plugin UdpMessaging
LogPluginManager: Mounting plugin ActorSequence
LogPluginManager: Mounting plugin TcpMessaging
LogPluginManager: Mounting plugin LevelSequenceEditor
LogPluginManager: Mounting plugin MatineeToLevelSequence
LogPluginManager: Mounting plugin OnlineSubsystem
LogPluginManager: Mounting plugin TemplateSequence
LogPluginManager: Mounting plugin OnlineSubsystemNull
LogPluginManager: Mounting plugin OnlineSubsystemUtils
LogPluginManager: Mounting plugin LauncherChunkInstaller
LogPluginManager: Mounting plugin ActorLayerUtilities
LogPluginManager: Mounting plugin AndroidDeviceProfileSelector
LogPluginManager: Mounting plugin AndroidMoviePlayer
LogPluginManager: Mounting plugin AndroidPermission
LogPluginManager: Mounting plugin AppleImageUtils
LogPluginManager: Mounting plugin AppleMoviePlayer
LogPluginManager: Mounting plugin ArchVisCharacter
LogPluginManager: Mounting plugin AudioCapture
LogPluginManager: Mounting plugin AssetTags
LogPluginManager: Mounting plugin CableComponent
LogPluginManager: Mounting plugin CustomMeshComponent
LogPluginManager: Mounting plugin AudioSynesthesia
LogPluginManager: Mounting plugin EditableMesh
LogPluginManager: Mounting plugin ExampleDeviceProfileSelector
LogPluginManager: Mounting plugin ChunkDownloader
LogPluginManager: Mounting plugin GoogleCloudMessaging
LogPluginManager: Mounting plugin GooglePAD
LogPluginManager: Mounting plugin IOSDeviceProfileSelector
LogPluginManager: Mounting plugin LinuxDeviceProfileSelector
LogPluginManager: Mounting plugin LocationServicesBPLibrary
LogPluginManager: Mounting plugin MobilePatchingUtils
LogPluginManager: Mounting plugin OpenXR
LogPluginManager: Mounting plugin OpenXREyeTracker
LogPluginManager: Mounting plugin OpenXRHandTracking
LogPluginManager: Mounting plugin PhysXVehicles
LogPluginManager: Mounting plugin PostSplashScreen
LogPluginManager: Mounting plugin ProceduralMeshComponent
LogPluginManager: Mounting plugin PropertyAccessEditor
LogPluginManager: Mounting plugin RuntimePhysXCooking
LogPluginManager: Mounting plugin SignificanceManager
LogPluginManager: Mounting plugin SoundFields
LogPluginManager: Mounting plugin Synthesis
LogPluginManager: Mounting plugin WebMMoviePlayer
LogPluginManager: Mounting plugin WindowsMoviePlayer
LogPluginManager: Mounting plugin ScreenshotTools
LogPluginManager: Mounting plugin Takes
LogPluginManager: Mounting plugin ContentBrowserAssetDataSource
LogPluginManager: Mounting plugin ContentBrowserClassDataSource
LogPluginManager: Mounting plugin ContentBrowserFileDataSource
LogPluginManager: Mounting plugin OnlineSubsystemGooglePlay
LogPluginManager: Mounting plugin OnlineSubsystemIOS
LogPluginManager: Mounting plugin OculusVR
LogPluginManager: Mounting plugin SteamVR
PixWinPlugin: PIX capture plugin failed to initialize! Check that the process is launched from PIX.
LogInit: Using libcurl 7.55.1-DEV
LogInit:  - built for x86_64-pc-win32
LogInit:  - supports SSL with OpenSSL/1.1.1
LogInit:  - supports HTTP deflate (compression) using libz 1.2.8
LogInit:  - other features:
LogInit:      CURL_VERSION_SSL
LogInit:      CURL_VERSION_LIBZ
LogInit:      CURL_VERSION_IPV6
LogInit:      CURL_VERSION_ASYNCHDNS
LogInit:      CURL_VERSION_LARGEFILE
LogInit:      CURL_VERSION_IDN
LogInit:  CurlRequestOptions (configurable via config and command line):
LogInit:  - bVerifyPeer = true  - Libcurl will verify peer certificate
LogInit:  - bUseHttpProxy = false  - Libcurl will NOT use HTTP proxy
LogInit:  - bDontReuseConnections = false  - Libcurl will reuse connections
LogInit:  - MaxHostConnections = 16  - Libcurl will limit the number of connections to a host
LogInit:  - LocalHostAddr = Default
LogInit:  - BufferSize = 65536
LogOnline: OSS: Creating online subsystem instance for: NULL
LogInit: WinSock: version 1.1 (2.2), MaxSocks=32767, MaxUdp=65467
LogOnline: OSS: TryLoadSubsystemAndSetDefault: Loaded subsystem for module [NULL]
LogOculusPluginWrapper: OculusPlugin initialized successfully
LogHMD: Failed initializing OVRPlugin 1.59.0
LogInit: Build: ++UE4+Release-4.27-CL-17155196
LogInit: Engine Version: 4.27.0-17155196+++UE4+Release-4.27
LogInit: Compatible Engine Version: 4.27.0-17155196+++UE4+Release-4.27
LogInit: Net CL: 17155196
LogInit: OS: Windows 10 (Release 2009) (), CPU: Intel(R) Core(TM) i7-10875H CPU @ 2.30GHz, GPU: Intel(R) UHD Graphics
LogInit: Compiled (64-bit): Aug 13 2021 06:13:13
LogInit: Compiled with Visual C++: 19.24.28315.00
LogInit: Build Configuration: Development
LogInit: Branch Name: ++UE4+Release-4.27
LogInit: Command Line:  /Game/Map/Stage01/PNStage01_Top -game -PIEVIACONSOLE -Multiprocess "GameUserSettingsINI=D:/Unreal Engine/PaperNinja/Saved/Config/Windows/PIEGameUserSettings0.ini" -MultiprocessSaveConfig -forcepassthrough -messaging -SessionName="Play in Standalone Game" -windowed -WinX=2207 -WinY=156 SAVEWINPOS=1 -ResX=1280 -ResY=720
LogInit: Base Directory: C:/Program Files/Epic Games/UE_4.27/Engine/Binaries/Win64/
LogInit: Allocator: TBB
LogInit: Installed Engine Build: 1
LogDevObjectVersion: Number of dev versions registered: 29
LogDevObjectVersion:   Dev-Blueprints (B0D832E4-1F89-4F0D-ACCF-7EB736FD4AA2): 10
LogDevObjectVersion:   Dev-Build (E1C64328-A22C-4D53-A36C-8E866417BD8C): 0
LogDevObjectVersion:   Dev-Core (375EC13C-06E4-48FB-B500-84F0262A717E): 4
LogDevObjectVersion:   Dev-Editor (E4B068ED-F494-42E9-A231-DA0B2E46BB41): 40
LogDevObjectVersion:   Dev-Framework (CFFC743F-43B0-4480-9391-14DF171D2073): 37
LogDevObjectVersion:   Dev-Mobile (B02B49B5-BB20-44E9-A304-32B752E40360): 3
LogDevObjectVersion:   Dev-Networking (A4E4105C-59A1-49B5-A7C5-40C4547EDFEE): 0
LogDevObjectVersion:   Dev-Online (39C831C9-5AE6-47DC-9A44-9C173E1C8E7C): 0
LogDevObjectVersion:   Dev-Physics (78F01B33-EBEA-4F98-B9B4-84EACCB95AA2): 14
LogDevObjectVersion:   Dev-Platform (6631380F-2D4D-43E0-8009-CF276956A95A): 0
LogDevObjectVersion:   Dev-Rendering (12F88B9F-8875-4AFC-A67C-D90C383ABD29): 45
LogDevObjectVersion:   Dev-Sequencer (7B5AE74C-D270-4C10-A958-57980B212A5A): 13
LogDevObjectVersion:   Dev-VR (D7296918-1DD6-4BDD-9DE2-64A83CC13884): 3
LogDevObjectVersion:   Dev-LoadTimes (C2A15278-BFE7-4AFE-6C17-90FF531DF755): 1
LogDevObjectVersion:   Private-Geometry (6EACA3D4-40EC-4CC1-B786-8BED09428FC5): 3
LogDevObjectVersion:   Dev-AnimPhys (29E575DD-E0A3-4627-9D10-D276232CDCEA): 17
LogDevObjectVersion:   Dev-Anim (AF43A65D-7FD3-4947-9873-3E8ED9C1BB05): 15
LogDevObjectVersion:   Dev-ReflectionCapture (6B266CEC-1EC7-4B8F-A30B-E4D90942FC07): 1
LogDevObjectVersion:   Dev-Automation (0DF73D61-A23F-47EA-B727-89E90C41499A): 1
LogDevObjectVersion:   FortniteMain (601D1886-AC64-4F84-AA16-D3DE0DEAC7D6): 47
LogDevObjectVersion:   FortniteRelease (E7086368-6B23-4C58-8439-1B7016265E91): 1
LogDevObjectVersion:   Dev-Enterprise (9DFFBCD6-494F-0158-E221-12823C92A888): 10
LogDevObjectVersion:   Dev-Niagara (F2AED0AC-9AFE-416F-8664-AA7FFA26D6FC): 1
LogDevObjectVersion:   Dev-Destruction (174F1F0B-B4C6-45A5-B13F-2EE8D0FB917D): 10
LogDevObjectVersion:   Dev-Physics-Ext (35F94A83-E258-406C-A318-09F59610247C): 41
LogDevObjectVersion:   Dev-PhysicsMaterial-Chaos (B68FC16E-8B1B-42E2-B453-215C058844FE): 1
LogDevObjectVersion:   Dev-CineCamera (B2E18506-4273-CFC2-A54E-F4BB758BBA07): 1
LogDevObjectVersion:   Dev-VirtualProduction (64F58936-FD1B-42BA-BA96-7289D5D0FA4E): 1
LogDevObjectVersion:   Dev-MediaFramework (6F0ED827-A609-4895-9C91-998D90180EA4): 2
LogInit: Presizing for max 25165824 objects, including 0 objects not considered by GC, pre-allocating 0 bytes for permanent pool.
LogConfig: Applying CVar settings from Section [/Script/Engine.StreamingSettings] File [D:/Unreal Engine/PaperNinja/Saved/Config/Windows/Engine.ini]
LogConfig: Setting CVar [[s.MinBulkDataSizeForAsyncLoading:131072]]
LogConfig: Setting CVar [[s.AsyncLoadingThreadEnabled:0]]
LogConfig: Setting CVar [[s.EventDrivenLoaderEnabled:1]]
LogConfig: Setting CVar [[s.WarnIfTimeLimitExceeded:0]]
LogConfig: Setting CVar [[s.TimeLimitExceededMultiplier:1.5]]
LogConfig: Setting CVar [[s.TimeLimitExceededMinTime:0.005]]
LogConfig: Setting CVar [[s.UseBackgroundLevelStreaming:1]]
LogConfig: Setting CVar [[s.PriorityAsyncLoadingExtraTime:15.0]]
LogConfig: Setting CVar [[s.LevelStreamingActorsUpdateTimeLimit:5.0]]
LogConfig: Setting CVar [[s.PriorityLevelStreamingActorsUpdateExtraTime:5.0]]
LogConfig: Setting CVar [[s.LevelStreamingComponentsRegistrationGranularity:10]]
LogConfig: Setting CVar [[s.UnregisterComponentsTimeLimit:1.0]]
LogConfig: Setting CVar [[s.LevelStreamingComponentsUnregistrationGranularity:5]]
LogConfig: Setting CVar [[s.FlushStreamingOnExit:1]]
LogInit: Object subsystem initialized
LogConfig: Setting CVar [[con.DebugEarlyDefault:1]]
LogConfig: Setting CVar [[r.setres:1280x720]]
[2021.10.30-16.31.09:976][  0]LogConfig: Setting CVar [[con.DebugEarlyDefault:1]]
[2021.10.30-16.31.09:976][  0]LogConfig: Setting CVar [[r.setres:1280x720]]
[2021.10.30-16.31.09:976][  0]LogConfig: Applying CVar settings from Section [/Script/Engine.RendererSettings] File [D:/Unreal Engine/PaperNinja/Saved/Config/Windows/Engine.ini]
[2021.10.30-16.31.09:976][  0]LogConfig: Setting CVar [[r.GPUCrashDebugging:0]]
[2021.10.30-16.31.09:976][  0]LogConfig: Applying CVar settings from Section [/Script/Engine.RendererOverrideSettings] File [D:/Unreal Engine/PaperNinja/Saved/Config/Windows/Engine.ini]
[2021.10.30-16.31.09:976][  0]LogConfig: Applying CVar settings from Section [/Script/Engine.StreamingSettings] File [D:/Unreal Engine/PaperNinja/Saved/Config/Windows/Engine.ini]
[2021.10.30-16.31.09:976][  0]LogConfig: Setting CVar [[s.MinBulkDataSizeForAsyncLoading:131072]]
[2021.10.30-16.31.09:976][  0]LogConfig: Setting CVar [[s.AsyncLoadingThreadEnabled:0]]
[2021.10.30-16.31.09:976][  0]LogConfig: Setting CVar [[s.EventDrivenLoaderEnabled:1]]
[2021.10.30-16.31.09:976][  0]LogConfig: Setting CVar [[s.WarnIfTimeLimitExceeded:0]]
[2021.10.30-16.31.09:976][  0]LogConfig: Setting CVar [[s.TimeLimitExceededMultiplier:1.5]]
[2021.10.30-16.31.09:976][  0]LogConfig: Setting CVar [[s.TimeLimitExceededMinTime:0.005]]
[2021.10.30-16.31.09:976][  0]LogConfig: Setting CVar [[s.UseBackgroundLevelStreaming:1]]
[2021.10.30-16.31.09:976][  0]LogConfig: Setting CVar [[s.PriorityAsyncLoadingExtraTime:15.0]]
[2021.10.30-16.31.09:976][  0]LogConfig: Setting CVar [[s.LevelStreamingActorsUpdateTimeLimit:5.0]]
[2021.10.30-16.31.09:976][  0]LogConfig: Setting CVar [[s.PriorityLevelStreamingActorsUpdateExtraTime:5.0]]
[2021.10.30-16.31.09:976][  0]LogConfig: Setting CVar [[s.LevelStreamingComponentsRegistrationGranularity:10]]
[2021.10.30-16.31.09:976][  0]LogConfig: Setting CVar [[s.UnregisterComponentsTimeLimit:1.0]]
[2021.10.30-16.31.09:976][  0]LogConfig: Setting CVar [[s.LevelStreamingComponentsUnregistrationGranularity:5]]
[2021.10.30-16.31.09:976][  0]LogConfig: Setting CVar [[s.FlushStreamingOnExit:1]]
[2021.10.30-16.31.09:976][  0]LogConfig: Applying CVar settings from Section [/Script/Engine.GarbageCollectionSettings] File [D:/Unreal Engine/PaperNinja/Saved/Config/Windows/Engine.ini]
[2021.10.30-16.31.09:976][  0]LogConfig: Setting CVar [[gc.MaxObjectsNotConsideredByGC:1]]
[2021.10.30-16.31.09:976][  0]LogConfig: Setting CVar [[gc.SizeOfPermanentObjectPool:0]]
[2021.10.30-16.31.09:976][  0]LogConfig: Setting CVar [[gc.FlushStreamingOnGC:0]]
[2021.10.30-16.31.09:976][  0]LogConfig: Setting CVar [[gc.NumRetriesBeforeForcingGC:10]]
[2021.10.30-16.31.09:976][  0]LogConfig: Setting CVar [[gc.AllowParallelGC:1]]
[2021.10.30-16.31.09:976][  0]LogConfig: Setting CVar [[gc.TimeBetweenPurgingPendingKillObjects:61.1]]
[2021.10.30-16.31.09:976][  0]LogConfig: Setting CVar [[gc.MaxObjectsInEditor:25165824]]
[2021.10.30-16.31.09:976][  0]LogConfig: Setting CVar [[gc.IncrementalBeginDestroyEnabled:1]]
[2021.10.30-16.31.09:976][  0]LogConfig: Setting CVar [[gc.CreateGCClusters:1]]
[2021.10.30-16.31.09:976][  0]LogConfig: Setting CVar [[gc.MinGCClusterSize:5]]
[2021.10.30-16.31.09:976][  0]LogConfig: Setting CVar [[gc.ActorClusteringEnabled:0]]
[2021.10.30-16.31.09:976][  0]LogConfig: Setting CVar [[gc.BlueprintClusteringEnabled:0]]
[2021.10.30-16.31.09:976][  0]LogConfig: Setting CVar [[gc.UseDisregardForGCOnDedicatedServers:0]]
[2021.10.30-16.31.09:976][  0]LogConfig: Setting CVar [[gc.MultithreadedDestructionEnabled:1]]
[2021.10.30-16.31.09:976][  0]LogConfig: Applying CVar settings from Section [/Script/Engine.NetworkSettings] File [D:/Unreal Engine/PaperNinja/Saved/Config/Windows/Engine.ini]
[2021.10.30-16.31.09:976][  0]LogConfig: Applying CVar settings from Section [/Script/UnrealEd.CookerSettings] File [D:/Unreal Engine/PaperNinja/Saved/Config/Windows/Engine.ini]
[2021.10.30-16.31.09:988][  0]LogConfig: Applying CVar settings from Section [ViewDistanceQuality@3] File [D:/Unreal Engine/PaperNinja/Saved/Config/Windows/Scalability.ini]
[2021.10.30-16.31.09:988][  0]LogConfig: Setting CVar [[r.SkeletalMeshLODBias:0]]
[2021.10.30-16.31.09:988][  0]LogConfig: Setting CVar [[r.ViewDistanceScale:1.0]]
[2021.10.30-16.31.09:988][  0]LogConfig: Applying CVar settings from Section [AntiAliasingQuality@3] File [D:/Unreal Engine/PaperNinja/Saved/Config/Windows/Scalability.ini]
[2021.10.30-16.31.09:988][  0]LogConfig: Setting CVar [[r.PostProcessAAQuality:4]]
[2021.10.30-16.31.09:988][  0]LogConfig: Applying CVar settings from Section [ShadowQuality@3] File [D:/Unreal Engine/PaperNinja/Saved/Config/Windows/Scalability.ini]
[2021.10.30-16.31.09:988][  0]LogConfig: Setting CVar [[r.LightFunctionQuality:1]]
[2021.10.30-16.31.09:988][  0]LogConfig: Setting CVar [[r.ShadowQuality:5]]
[2021.10.30-16.31.09:988][  0]LogConfig: Setting CVar [[r.Shadow.CSM.MaxCascades:10]]
[2021.10.30-16.31.09:988][  0]LogConfig: Setting CVar [[r.Shadow.MaxResolution:2048]]
[2021.10.30-16.31.09:988][  0]LogConfig: Setting CVar [[r.Shadow.MaxCSMResolution:2048]]
[2021.10.30-16.31.09:988][  0]LogConfig: Setting CVar [[r.Shadow.RadiusThreshold:0.01]]
[2021.10.30-16.31.09:988][  0]LogConfig: Setting CVar [[r.Shadow.DistanceScale:1.0]]
[2021.10.30-16.31.09:988][  0]LogConfig: Setting CVar [[r.Shadow.CSM.TransitionScale:1.0]]
[2021.10.30-16.31.09:988][  0]LogConfig: Setting CVar [[r.Shadow.PreShadowResolutionFactor:1.0]]
[2021.10.30-16.31.09:988][  0]LogConfig: Setting CVar [[r.DistanceFieldShadowing:1]]
[2021.10.30-16.31.09:988][  0]LogConfig: Setting CVar [[r.DistanceFieldAO:1]]
[2021.10.30-16.31.09:988][  0]LogConfig: Setting CVar [[r.AOQuality:2]]
[2021.10.30-16.31.09:988][  0]LogConfig: Setting CVar [[r.VolumetricFog:1]]
[2021.10.30-16.31.09:988][  0]LogConfig: Setting CVar [[r.VolumetricFog.GridPixelSize:8]]
[2021.10.30-16.31.09:988][  0]LogConfig: Setting CVar [[r.VolumetricFog.GridSizeZ:128]]
[2021.10.30-16.31.09:988][  0]LogConfig: Setting CVar [[r.VolumetricFog.HistoryMissSupersampleCount:4]]
[2021.10.30-16.31.09:988][  0]LogConfig: Setting CVar [[r.LightMaxDrawDistanceScale:1]]
[2021.10.30-16.31.09:988][  0]LogConfig: Setting CVar [[r.CapsuleShadows:1]]
[2021.10.30-16.31.09:988][  0]LogConfig: Applying CVar settings from Section [PostProcessQuality@3] File [D:/Unreal Engine/PaperNinja/Saved/Config/Windows/Scalability.ini]
[2021.10.30-16.31.09:988][  0]LogConfig: Setting CVar [[r.MotionBlurQuality:4]]
[2021.10.30-16.31.09:988][  0]LogConfig: Setting CVar [[r.AmbientOcclusionMipLevelFactor:0.4]]
[2021.10.30-16.31.09:988][  0]LogConfig: Setting CVar [[r.AmbientOcclusionMaxQuality:100]]
[2021.10.30-16.31.09:988][  0]LogConfig: Setting CVar [[r.AmbientOcclusionLevels:-1]]
[2021.10.30-16.31.09:988][  0]LogConfig: Setting CVar [[r.AmbientOcclusionRadiusScale:1.0]]
[2021.10.30-16.31.09:988][  0]LogConfig: Setting CVar [[r.DepthOfFieldQuality:2]]
[2021.10.30-16.31.09:988][  0]LogConfig: Setting CVar [[r.RenderTargetPoolMin:400]]
[2021.10.30-16.31.09:988][  0]LogConfig: Setting CVar [[r.LensFlareQuality:2]]
[2021.10.30-16.31.09:988][  0]LogConfig: Setting CVar [[r.SceneColorFringeQuality:1]]
[2021.10.30-16.31.09:988][  0]LogConfig: Setting CVar [[r.EyeAdaptationQuality:2]]
[2021.10.30-16.31.09:988][  0]LogConfig: Setting CVar [[r.BloomQuality:5]]
[2021.10.30-16.31.09:988][  0]LogConfig: Setting CVar [[r.FastBlurThreshold:100]]
[2021.10.30-16.31.09:988][  0]LogConfig: Setting CVar [[r.Upscale.Quality:3]]
[2021.10.30-16.31.09:988][  0]LogConfig: Setting CVar [[r.Tonemapper.GrainQuantization:1]]
[2021.10.30-16.31.09:988][  0]LogConfig: Setting CVar [[r.LightShaftQuality:1]]
[2021.10.30-16.31.09:988][  0]LogConfig: Setting CVar [[r.Filter.SizeScale:1]]
[2021.10.30-16.31.09:988][  0]LogConfig: Setting CVar [[r.Tonemapper.Quality:5]]
[2021.10.30-16.31.09:988][  0]LogConfig: Setting CVar [[r.DOF.Gather.AccumulatorQuality:1        ; higher gathering accumulator quality]]
[2021.10.30-16.31.09:988][  0]LogConfig: Setting CVar [[r.DOF.Gather.PostfilterMethod:1          ; Median3x3 postfilering method]]
[2021.10.30-16.31.09:988][  0]LogConfig: Setting CVar [[r.DOF.Gather.EnableBokehSettings:0       ; no bokeh simulation when gathering]]
[2021.10.30-16.31.09:988][  0]LogConfig: Setting CVar [[r.DOF.Gather.RingCount:4                 ; medium number of samples when gathering]]
[2021.10.30-16.31.09:988][  0]LogConfig: Setting CVar [[r.DOF.Scatter.ForegroundCompositing:1    ; additive foreground scattering]]
[2021.10.30-16.31.09:988][  0]LogConfig: Setting CVar [[r.DOF.Scatter.BackgroundCompositing:2    ; additive background scattering]]
[2021.10.30-16.31.09:988][  0]LogConfig: Setting CVar [[r.DOF.Scatter.EnableBokehSettings:1      ; bokeh simulation when scattering]]
[2021.10.30-16.31.09:988][  0]LogConfig: Setting CVar [[r.DOF.Scatter.MaxSpriteRatio:0.1         ; only a maximum of 10% of scattered bokeh]]
[2021.10.30-16.31.09:988][  0]LogConfig: Setting CVar [[r.DOF.Recombine.Quality:1                ; cheap slight out of focus]]
[2021.10.30-16.31.09:988][  0]LogConfig: Setting CVar [[r.DOF.Recombine.EnableBokehSettings:0    ; no bokeh simulation on slight out of focus]]
[2021.10.30-16.31.09:988][  0]LogConfig: Setting CVar [[r.DOF.TemporalAAQuality:1                ; more stable temporal accumulation]]
[2021.10.30-16.31.09:988][  0]LogConfig: Setting CVar [[r.DOF.Kernel.MaxForegroundRadius:0.025]]
[2021.10.30-16.31.09:988][  0]LogConfig: Setting CVar [[r.DOF.Kernel.MaxBackgroundRadius:0.025]]
[2021.10.30-16.31.09:988][  0]LogConfig: Applying CVar settings from Section [TextureQuality@3] File [D:/Unreal Engine/PaperNinja/Saved/Config/Windows/Scalability.ini]
[2021.10.30-16.31.09:988][  0]LogConfig: Setting CVar [[r.Streaming.MipBias:0]]
[2021.10.30-16.31.09:988][  0]LogConfig: Setting CVar [[r.Streaming.AmortizeCPUToGPUCopy:0]]
[2021.10.30-16.31.09:988][  0]LogConfig: Setting CVar [[r.Streaming.MaxNumTexturesToStreamPerFrame:0]]
[2021.10.30-16.31.09:988][  0]LogConfig: Setting CVar [[r.Streaming.Boost:1]]
[2021.10.30-16.31.09:988][  0]LogConfig: Setting CVar [[r.MaxAnisotropy:8]]
[2021.10.30-16.31.09:988][  0]LogConfig: Setting CVar [[r.VT.MaxAnisotropy:8]]
[2021.10.30-16.31.09:988][  0]LogConfig: Setting CVar [[r.Streaming.LimitPoolSizeToVRAM:0]]
[2021.10.30-16.31.09:988][  0]LogConfig: Setting CVar [[r.Streaming.PoolSize:1000]]
[2021.10.30-16.31.09:988][  0]LogConfig: Setting CVar [[r.Streaming.MaxEffectiveScreenSize:0]]
[2021.10.30-16.31.09:988][  0]LogConfig: Applying CVar settings from Section [EffectsQuality@3] File [D:/Unreal Engine/PaperNinja/Saved/Config/Windows/Scalability.ini]
[2021.10.30-16.31.09:988][  0]LogConfig: Setting CVar [[r.TranslucencyLightingVolumeDim:64]]
[2021.10.30-16.31.09:988][  0]LogConfig: Setting CVar [[r.RefractionQuality:2]]
[2021.10.30-16.31.09:988][  0]LogConfig: Setting CVar [[r.SSR.Quality:3]]
[2021.10.30-16.31.09:988][  0]LogConfig: Setting CVar [[r.SSR.HalfResSceneColor:0]]
[2021.10.30-16.31.09:988][  0]LogConfig: Setting CVar [[r.SceneColorFormat:4]]
[2021.10.30-16.31.09:988][  0]LogConfig: Setting CVar [[r.DetailMode:2]]
[2021.10.30-16.31.09:988][  0]LogConfig: Setting CVar [[r.TranslucencyVolumeBlur:1]]
[2021.10.30-16.31.09:988][  0]LogConfig: Setting CVar [[r.MaterialQualityLevel:1 ; High quality]]
[2021.10.30-16.31.09:988][  0]LogConfig: Setting CVar [[r.AnisotropicMaterials:1]]
[2021.10.30-16.31.09:988][  0]LogConfig: Setting CVar [[r.SSS.Scale:1]]
[2021.10.30-16.31.09:988][  0]LogConfig: Setting CVar [[r.SSS.SampleSet:2]]
[2021.10.30-16.31.09:988][  0]LogConfig: Setting CVar [[r.SSS.Quality:1]]
[2021.10.30-16.31.09:988][  0]LogConfig: Setting CVar [[r.SSS.HalfRes:0]]
[2021.10.30-16.31.09:988][  0]LogConfig: Setting CVar [[r.SSGI.Quality:3]]
[2021.10.30-16.31.09:988][  0]LogConfig: Setting CVar [[r.EmitterSpawnRateScale:1.0]]
[2021.10.30-16.31.09:988][  0]LogConfig: Setting CVar [[r.ParticleLightQuality:2]]
[2021.10.30-16.31.09:988][  0]LogConfig: Setting CVar [[r.SkyAtmosphere.AerialPerspectiveLUT.FastApplyOnOpaque:1 ; Always have FastSkyLUT 1 in this case to avoid wrong sky]]
[2021.10.30-16.31.09:988][  0]LogConfig: Setting CVar [[r.SkyAtmosphere.AerialPerspectiveLUT.SampleCountMaxPerSlice:4]]
[2021.10.30-16.31.09:989][  0]LogConfig: Setting CVar [[r.SkyAtmosphere.AerialPerspectiveLUT.DepthResolution:16.0]]
[2021.10.30-16.31.09:989][  0]LogConfig: Setting CVar [[r.SkyAtmosphere.FastSkyLUT:1]]
[2021.10.30-16.31.09:989][  0]LogConfig: Setting CVar [[r.SkyAtmosphere.FastSkyLUT.SampleCountMin:4.0]]
[2021.10.30-16.31.09:989][  0]LogConfig: Setting CVar [[r.SkyAtmosphere.FastSkyLUT.SampleCountMax:128.0]]
[2021.10.30-16.31.09:989][  0]LogConfig: Setting CVar [[r.SkyAtmosphere.SampleCountMin:4.0]]
[2021.10.30-16.31.09:989][  0]LogConfig: Setting CVar [[r.SkyAtmosphere.SampleCountMax:128.0]]
[2021.10.30-16.31.09:989][  0]LogConfig: Setting CVar [[r.SkyAtmosphere.TransmittanceLUT.UseSmallFormat:0]]
[2021.10.30-16.31.09:989][  0]LogConfig: Setting CVar [[r.SkyAtmosphere.TransmittanceLUT.SampleCount:10.0]]
[2021.10.30-16.31.09:989][  0]LogConfig: Setting CVar [[r.SkyAtmosphere.MultiScatteringLUT.SampleCount:15.0]]
[2021.10.30-16.31.09:989][  0]LogConfig: Setting CVar [[r.SkyLight.RealTimeReflectionCapture:1]]
[2021.10.30-16.31.09:989][  0]LogConfig: Applying CVar settings from Section [FoliageQuality@3] File [D:/Unreal Engine/PaperNinja/Saved/Config/Windows/Scalability.ini]
[2021.10.30-16.31.09:989][  0]LogConfig: Setting CVar [[foliage.DensityScale:1.0]]
[2021.10.30-16.31.09:989][  0]LogConfig: Setting CVar [[grass.DensityScale:1.0]]
[2021.10.30-16.31.09:989][  0]LogConfig: Applying CVar settings from Section [ShadingQuality@3] File [D:/Unreal Engine/PaperNinja/Saved/Config/Windows/Scalability.ini]
[2021.10.30-16.31.09:989][  0]LogConfig: Setting CVar [[r.HairStrands.SkyLighting.IntegrationType:2]]
[2021.10.30-16.31.09:989][  0]LogConfig: Setting CVar [[r.HairStrands.SkyAO.SampleCount:4]]
[2021.10.30-16.31.09:989][  0]LogConfig: Setting CVar [[r.HairStrands.Visibility.MSAA.SamplePerPixel:4]]
[2021.10.30-16.31.09:989][  0]LogInit: Selected Device Profile: [Windows]
[2021.10.30-16.31.09:989][  0]LogInit: Applying CVar settings loaded from the selected device profile: [Windows]
[2021.10.30-16.31.09:989][  0]LogHAL: Display: Platform has ~ 16 GB [17033850880 / 17179869184 / 16], which maps to Larger [LargestMinGB=32, LargerMinGB=12, DefaultMinGB=8, SmallerMinGB=6, SmallestMinGB=0)
[2021.10.30-16.31.09:989][  0]LogInit: Going up to parent DeviceProfile []
[2021.10.30-16.31.09:989][  0]LogConfig: Applying CVar settings from Section [ViewDistanceQuality@3] File [D:/Unreal Engine/PaperNinja/Saved/Config/Windows/Scalability.ini]
[2021.10.30-16.31.09:989][  0]LogConfig: Setting CVar [[r.SkeletalMeshLODBias:0]]
[2021.10.30-16.31.09:989][  0]LogConfig: Setting CVar [[r.ViewDistanceScale:1.0]]
[2021.10.30-16.31.09:989][  0]LogConfig: Applying CVar settings from Section [AntiAliasingQuality@3] File [D:/Unreal Engine/PaperNinja/Saved/Config/Windows/Scalability.ini]
[2021.10.30-16.31.09:989][  0]LogConfig: Setting CVar [[r.PostProcessAAQuality:4]]
[2021.10.30-16.31.09:989][  0]LogConfig: Applying CVar settings from Section [ShadowQuality@3] File [D:/Unreal Engine/PaperNinja/Saved/Config/Windows/Scalability.ini]
[2021.10.30-16.31.09:989][  0]LogConfig: Setting CVar [[r.LightFunctionQuality:1]]
[2021.10.30-16.31.09:989][  0]LogConfig: Setting CVar [[r.ShadowQuality:5]]
[2021.10.30-16.31.09:989][  0]LogConfig: Setting CVar [[r.Shadow.CSM.MaxCascades:10]]
[2021.10.30-16.31.09:989][  0]LogConfig: Setting CVar [[r.Shadow.MaxResolution:2048]]
[2021.10.30-16.31.09:989][  0]LogConfig: Setting CVar [[r.Shadow.MaxCSMResolution:2048]]
[2021.10.30-16.31.09:989][  0]LogConfig: Setting CVar [[r.Shadow.RadiusThreshold:0.01]]
[2021.10.30-16.31.09:989][  0]LogConfig: Setting CVar [[r.Shadow.DistanceScale:1.0]]
[2021.10.30-16.31.09:989][  0]LogConfig: Setting CVar [[r.Shadow.CSM.TransitionScale:1.0]]
[2021.10.30-16.31.09:989][  0]LogConfig: Setting CVar [[r.Shadow.PreShadowResolutionFactor:1.0]]
[2021.10.30-16.31.09:989][  0]LogConfig: Setting CVar [[r.DistanceFieldShadowing:1]]
[2021.10.30-16.31.09:989][  0]LogConfig: Setting CVar [[r.DistanceFieldAO:1]]
[2021.10.30-16.31.09:989][  0]LogConfig: Setting CVar [[r.AOQuality:2]]
[2021.10.30-16.31.09:989][  0]LogConfig: Setting CVar [[r.VolumetricFog:1]]
[2021.10.30-16.31.09:989][  0]LogConfig: Setting CVar [[r.VolumetricFog.GridPixelSize:8]]
[2021.10.30-16.31.09:989][  0]LogConfig: Setting CVar [[r.VolumetricFog.GridSizeZ:128]]
[2021.10.30-16.31.09:989][  0]LogConfig: Setting CVar [[r.VolumetricFog.HistoryMissSupersampleCount:4]]
[2021.10.30-16.31.09:989][  0]LogConfig: Setting CVar [[r.LightMaxDrawDistanceScale:1]]
[2021.10.30-16.31.09:989][  0]LogConfig: Setting CVar [[r.CapsuleShadows:1]]
[2021.10.30-16.31.09:989][  0]LogConfig: Applying CVar settings from Section [PostProcessQuality@3] File [D:/Unreal Engine/PaperNinja/Saved/Config/Windows/Scalability.ini]
[2021.10.30-16.31.09:989][  0]LogConfig: Setting CVar [[r.MotionBlurQuality:4]]
[2021.10.30-16.31.09:989][  0]LogConfig: Setting CVar [[r.AmbientOcclusionMipLevelFactor:0.4]]
[2021.10.30-16.31.09:989][  0]LogConfig: Setting CVar [[r.AmbientOcclusionMaxQuality:100]]
[2021.10.30-16.31.09:989][  0]LogConfig: Setting CVar [[r.AmbientOcclusionLevels:-1]]
[2021.10.30-16.31.09:989][  0]LogConfig: Setting CVar [[r.AmbientOcclusionRadiusScale:1.0]]
[2021.10.30-16.31.09:989][  0]LogConfig: Setting CVar [[r.DepthOfFieldQuality:2]]
[2021.10.30-16.31.09:989][  0]LogConfig: Setting CVar [[r.RenderTargetPoolMin:400]]
[2021.10.30-16.31.09:989][  0]LogConfig: Setting CVar [[r.LensFlareQuality:2]]
[2021.10.30-16.31.09:989][  0]LogConfig: Setting CVar [[r.SceneColorFringeQuality:1]]
[2021.10.30-16.31.09:989][  0]LogConfig: Setting CVar [[r.EyeAdaptationQuality:2]]
[2021.10.30-16.31.09:989][  0]LogConfig: Setting CVar [[r.BloomQuality:5]]
[2021.10.30-16.31.09:989][  0]LogConfig: Setting CVar [[r.FastBlurThreshold:100]]
[2021.10.30-16.31.09:989][  0]LogConfig: Setting CVar [[r.Upscale.Quality:3]]
[2021.10.30-16.31.09:989][  0]LogConfig: Setting CVar [[r.Tonemapper.GrainQuantization:1]]
[2021.10.30-16.31.09:989][  0]LogConfig: Setting CVar [[r.LightShaftQuality:1]]
[2021.10.30-16.31.09:989][  0]LogConfig: Setting CVar [[r.Filter.SizeScale:1]]
[2021.10.30-16.31.09:989][  0]LogConfig: Setting CVar [[r.Tonemapper.Quality:5]]
[2021.10.30-16.31.09:989][  0]LogConfig: Setting CVar [[r.DOF.Gather.AccumulatorQuality:1        ; higher gathering accumulator quality]]
[2021.10.30-16.31.09:989][  0]LogConfig: Setting CVar [[r.DOF.Gather.PostfilterMethod:1          ; Median3x3 postfilering method]]
[2021.10.30-16.31.09:989][  0]LogConfig: Setting CVar [[r.DOF.Gather.EnableBokehSettings:0       ; no bokeh simulation when gathering]]
[2021.10.30-16.31.09:989][  0]LogConfig: Setting CVar [[r.DOF.Gather.RingCount:4                 ; medium number of samples when gathering]]
[2021.10.30-16.31.09:989][  0]LogConfig: Setting CVar [[r.DOF.Scatter.ForegroundCompositing:1    ; additive foreground scattering]]
[2021.10.30-16.31.09:989][  0]LogConfig: Setting CVar [[r.DOF.Scatter.BackgroundCompositing:2    ; additive background scattering]]
[2021.10.30-16.31.09:989][  0]LogConfig: Setting CVar [[r.DOF.Scatter.EnableBokehSettings:1      ; bokeh simulation when scattering]]
[2021.10.30-16.31.09:989][  0]LogConfig: Setting CVar [[r.DOF.Scatter.MaxSpriteRatio:0.1         ; only a maximum of 10% of scattered bokeh]]
[2021.10.30-16.31.09:989][  0]LogConfig: Setting CVar [[r.DOF.Recombine.Quality:1                ; cheap slight out of focus]]
[2021.10.30-16.31.09:990][  0]LogConfig: Setting CVar [[r.DOF.Recombine.EnableBokehSettings:0    ; no bokeh simulation on slight out of focus]]
[2021.10.30-16.31.09:990][  0]LogConfig: Setting CVar [[r.DOF.TemporalAAQuality:1                ; more stable temporal accumulation]]
[2021.10.30-16.31.09:990][  0]LogConfig: Setting CVar [[r.DOF.Kernel.MaxForegroundRadius:0.025]]
[2021.10.30-16.31.09:990][  0]LogConfig: Setting CVar [[r.DOF.Kernel.MaxBackgroundRadius:0.025]]
[2021.10.30-16.31.09:990][  0]LogConfig: Applying CVar settings from Section [TextureQuality@3] File [D:/Unreal Engine/PaperNinja/Saved/Config/Windows/Scalability.ini]
[2021.10.30-16.31.09:990][  0]LogConfig: Setting CVar [[r.Streaming.MipBias:0]]
[2021.10.30-16.31.09:990][  0]LogConfig: Setting CVar [[r.Streaming.AmortizeCPUToGPUCopy:0]]
[2021.10.30-16.31.09:990][  0]LogConfig: Setting CVar [[r.Streaming.MaxNumTexturesToStreamPerFrame:0]]
[2021.10.30-16.31.09:990][  0]LogConfig: Setting CVar [[r.Streaming.Boost:1]]
[2021.10.30-16.31.09:990][  0]LogConfig: Setting CVar [[r.MaxAnisotropy:8]]
[2021.10.30-16.31.09:990][  0]LogConfig: Setting CVar [[r.VT.MaxAnisotropy:8]]
[2021.10.30-16.31.09:990][  0]LogConfig: Setting CVar [[r.Streaming.LimitPoolSizeToVRAM:0]]
[2021.10.30-16.31.09:990][  0]LogConfig: Setting CVar [[r.Streaming.PoolSize:1000]]
[2021.10.30-16.31.09:990][  0]LogConfig: Setting CVar [[r.Streaming.MaxEffectiveScreenSize:0]]
[2021.10.30-16.31.09:990][  0]LogConfig: Applying CVar settings from Section [EffectsQuality@3] File [D:/Unreal Engine/PaperNinja/Saved/Config/Windows/Scalability.ini]
[2021.10.30-16.31.09:990][  0]LogConfig: Setting CVar [[r.TranslucencyLightingVolumeDim:64]]
[2021.10.30-16.31.09:990][  0]LogConfig: Setting CVar [[r.RefractionQuality:2]]
[2021.10.30-16.31.09:990][  0]LogConfig: Setting CVar [[r.SSR.Quality:3]]
[2021.10.30-16.31.09:990][  0]LogConfig: Setting CVar [[r.SSR.HalfResSceneColor:0]]
[2021.10.30-16.31.09:990][  0]LogConfig: Setting CVar [[r.SceneColorFormat:4]]
[2021.10.30-16.31.09:990][  0]LogConfig: Setting CVar [[r.DetailMode:2]]
[2021.10.30-16.31.09:990][  0]LogConfig: Setting CVar [[r.TranslucencyVolumeBlur:1]]
[2021.10.30-16.31.09:990][  0]LogConfig: Setting CVar [[r.MaterialQualityLevel:1 ; High quality]]
[2021.10.30-16.31.09:990][  0]LogConfig: Setting CVar [[r.AnisotropicMaterials:1]]
[2021.10.30-16.31.09:990][  0]LogConfig: Setting CVar [[r.SSS.Scale:1]]
[2021.10.30-16.31.09:990][  0]LogConfig: Setting CVar [[r.SSS.SampleSet:2]]
[2021.10.30-16.31.09:990][  0]LogConfig: Setting CVar [[r.SSS.Quality:1]]
[2021.10.30-16.31.09:990][  0]LogConfig: Setting CVar [[r.SSS.HalfRes:0]]
[2021.10.30-16.31.09:990][  0]LogConfig: Setting CVar [[r.SSGI.Quality:3]]
[2021.10.30-16.31.09:990][  0]LogConfig: Setting CVar [[r.EmitterSpawnRateScale:1.0]]
[2021.10.30-16.31.09:990][  0]LogConfig: Setting CVar [[r.ParticleLightQuality:2]]
[2021.10.30-16.31.09:990][  0]LogConfig: Setting CVar [[r.SkyAtmosphere.AerialPerspectiveLUT.FastApplyOnOpaque:1 ; Always have FastSkyLUT 1 in this case to avoid wrong sky]]
[2021.10.30-16.31.09:990][  0]LogConfig: Setting CVar [[r.SkyAtmosphere.AerialPerspectiveLUT.SampleCountMaxPerSlice:4]]
[2021.10.30-16.31.09:990][  0]LogConfig: Setting CVar [[r.SkyAtmosphere.AerialPerspectiveLUT.DepthResolution:16.0]]
[2021.10.30-16.31.09:990][  0]LogConfig: Setting CVar [[r.SkyAtmosphere.FastSkyLUT:1]]
[2021.10.30-16.31.09:990][  0]LogConfig: Setting CVar [[r.SkyAtmosphere.FastSkyLUT.SampleCountMin:4.0]]
[2021.10.30-16.31.09:990][  0]LogConfig: Setting CVar [[r.SkyAtmosphere.FastSkyLUT.SampleCountMax:128.0]]
[2021.10.30-16.31.09:990][  0]LogConfig: Setting CVar [[r.SkyAtmosphere.SampleCountMin:4.0]]
[2021.10.30-16.31.09:990][  0]LogConfig: Setting CVar [[r.SkyAtmosphere.SampleCountMax:128.0]]
[2021.10.30-16.31.09:990][  0]LogConfig: Setting CVar [[r.SkyAtmosphere.TransmittanceLUT.UseSmallFormat:0]]
[2021.10.30-16.31.09:990][  0]LogConfig: Setting CVar [[r.SkyAtmosphere.TransmittanceLUT.SampleCount:10.0]]
[2021.10.30-16.31.09:990][  0]LogConfig: Setting CVar [[r.SkyAtmosphere.MultiScatteringLUT.SampleCount:15.0]]
[2021.10.30-16.31.09:990][  0]LogConfig: Setting CVar [[r.SkyLight.RealTimeReflectionCapture:1]]
[2021.10.30-16.31.09:990][  0]LogConfig: Applying CVar settings from Section [FoliageQuality@3] File [D:/Unreal Engine/PaperNinja/Saved/Config/Windows/Scalability.ini]
[2021.10.30-16.31.09:990][  0]LogConfig: Setting CVar [[foliage.DensityScale:1.0]]
[2021.10.30-16.31.09:990][  0]LogConfig: Setting CVar [[grass.DensityScale:1.0]]
[2021.10.30-16.31.09:990][  0]LogConfig: Applying CVar settings from Section [ShadingQuality@3] File [D:/Unreal Engine/PaperNinja/Saved/Config/Windows/Scalability.ini]
[2021.10.30-16.31.09:990][  0]LogConfig: Setting CVar [[r.HairStrands.SkyLighting.IntegrationType:2]]
[2021.10.30-16.31.09:990][  0]LogConfig: Setting CVar [[r.HairStrands.SkyAO.SampleCount:4]]
[2021.10.30-16.31.09:990][  0]LogConfig: Setting CVar [[r.HairStrands.Visibility.MSAA.SamplePerPixel:4]]
[2021.10.30-16.31.09:990][  0]LogConfig: Applying CVar settings from Section [Startup] File [../../../Engine/Config/ConsoleVariables.ini]
[2021.10.30-16.31.09:991][  0]LogConfig: Setting CVar [[net.UseAdaptiveNetUpdateFrequency:0]]
[2021.10.30-16.31.09:991][  0]LogConfig: Setting CVar [[p.chaos.AllowCreatePhysxBodies:1]]
[2021.10.30-16.31.09:991][  0]LogConfig: Setting CVar [[fx.SkipVectorVMBackendOptimizations:1]]
[2021.10.30-16.31.09:991][  0]LogConfig: Applying CVar settings from Section [ConsoleVariables] File [D:/Unreal Engine/PaperNinja/Saved/Config/Windows/Engine.ini]
[2021.10.30-16.31.09:991][  0]LogConfig: Applying CVar settings from Section [ConsoleVariables] File [D:/Unreal Engine/PaperNinja/Saved/Config/Windows/Editor.ini]
[2021.10.30-16.31.09:991][  0]LogInit: Computer: LAPTOP-F9C5G8BQ
[2021.10.30-16.31.09:991][  0]LogInit: User: tranl
[2021.10.30-16.31.09:991][  0]LogInit: CPU Page size=4096, Cores=8
[2021.10.30-16.31.09:991][  0]LogInit: High frequency timer resolution =10.000000 MHz
[2021.10.30-16.31.09:991][  0]LogMemory: Memory total: Physical=15.9GB (16GB approx)
[2021.10.30-16.31.09:991][  0]LogMemory: Platform Memory Stats for Windows
[2021.10.30-16.31.09:991][  0]LogMemory: Process Physical Memory: 148.33 MB used, 148.33 MB peak
[2021.10.30-16.31.09:991][  0]LogMemory: Process Virtual Memory: 131.25 MB used, 131.25 MB peak
[2021.10.30-16.31.09:991][  0]LogMemory: Physical Memory: 9216.24 MB used,  7028.51 MB free, 16244.75 MB total
[2021.10.30-16.31.09:991][  0]LogMemory: Virtual Memory: 134214472.00 MB used,  3255.11 MB free, 134217728.00 MB total
[2021.10.30-16.31.10:011][  0]LogWindows: WindowsPlatformFeatures enabled
[2021.10.30-16.31.10:227][  0]LogInit: Physics initialised using underlying interface: PhysX
[2021.10.30-16.31.10:227][  0]LogInit: Using OS detected language (en-US).
[2021.10.30-16.31.10:227][  0]LogInit: Using OS detected locale (en-US).
[2021.10.30-16.31.10:232][  0]LogTextLocalizationManager: No specific localization for 'en-US' exists, so the 'en' localization will be used.
[2021.10.30-16.31.10:513][  0]LogWindowsTextInputMethodSystem: Display: IME system deactivated.
[2021.10.30-16.31.10:571][  0]LogSlate: New Slate User Created.  User Index 0, Is Virtual User: 0
[2021.10.30-16.31.10:571][  0]LogSlate: Slate User Registered.  User Index 0, Is Virtual User: 0
[2021.10.30-16.31.10:596][  0]LogD3D11RHI: Loaded GFSDK_Aftermath_Lib.x64.dll
[2021.10.30-16.31.10:640][  0]LogHMD: Failed to initialize OpenVR with code 110
[2021.10.30-16.31.10:640][  0]LogD3D11RHI: D3D11 min allowed feature level: 11_0
[2021.10.30-16.31.10:640][  0]LogD3D11RHI: D3D11 max allowed feature level: 11_0
[2021.10.30-16.31.10:640][  0]LogD3D11RHI: D3D11 adapters:
[2021.10.30-16.31.11:024][  0]LogD3D11RHI:    0. 'NVIDIA GeForce RTX 2080 Super with Max-Q Design' (Feature Level 11_0)
[2021.10.30-16.31.11:024][  0]LogD3D11RHI:       8010/0/8122 MB DedicatedVideo/DedicatedSystem/SharedSystem, Outputs:2, VendorId:0x10de
[2021.10.30-16.31.11:044][  0]LogD3D11RHI:    1. 'Intel(R) UHD Graphics' (Feature Level 11_0)
[2021.10.30-16.31.11:044][  0]LogD3D11RHI:       128/0/8122 MB DedicatedVideo/DedicatedSystem/SharedSystem, Outputs:0, VendorId:0x8086
[2021.10.30-16.31.11:046][  0]LogD3D11RHI:    2. 'Microsoft Basic Render Driver' (Feature Level 11_0)
[2021.10.30-16.31.11:046][  0]LogD3D11RHI:       0/0/8122 MB DedicatedVideo/DedicatedSystem/SharedSystem, Outputs:0, VendorId:0x1414
[2021.10.30-16.31.11:046][  0]LogD3D11RHI: Chosen D3D11 Adapter: 0
[2021.10.30-16.31.11:093][  0]LogD3D11RHI: Creating new Direct3DDevice
[2021.10.30-16.31.11:093][  0]LogD3D11RHI:     GPU DeviceId: 0x1e93 (for the marketing name, search the web for "GPU Device Id")
[2021.10.30-16.31.11:093][  0]LogWindows: EnumDisplayDevices:
[2021.10.30-16.31.11:093][  0]LogWindows:    0. 'Intel(R) UHD Graphics' (P:1 D:1)
[2021.10.30-16.31.11:093][  0]LogWindows:    1. 'Intel(R) UHD Graphics' (P:0 D:0)
[2021.10.30-16.31.11:094][  0]LogWindows:    2. 'Intel(R) UHD Graphics' (P:0 D:0)
[2021.10.30-16.31.11:094][  0]LogWindows:    3. 'NVIDIA GeForce RTX 2080 Super with Max-Q Design' (P:0 D:1)
[2021.10.30-16.31.11:094][  0]LogWindows:    4. 'NVIDIA GeForce RTX 2080 Super with Max-Q Design' (P:0 D:0)
[2021.10.30-16.31.11:094][  0]LogWindows:    5. 'NVIDIA GeForce RTX 2080 Super with Max-Q Design' (P:0 D:0)
[2021.10.30-16.31.11:094][  0]LogWindows:    6. 'NVIDIA GeForce RTX 2080 Super with Max-Q Design' (P:0 D:0)
[2021.10.30-16.31.11:094][  0]LogWindows: DebugString: PrimaryIsNotTheChoosenAdapter PrimaryIsNotTheChoosenAdapter PrimaryIsNotTheChoosenAdapter FoundDriverCount:4 
[2021.10.30-16.31.11:094][  0]LogD3D11RHI:     Adapter Name: NVIDIA GeForce RTX 2080 Super with Max-Q Design
[2021.10.30-16.31.11:094][  0]LogD3D11RHI:   Driver Version: 443.45 (internal:26.21.14.4345, unified:443.45)
[2021.10.30-16.31.11:094][  0]LogD3D11RHI:      Driver Date: 7-2-2020
[2021.10.30-16.31.11:094][  0]LogRHI: Texture pool is 5607 MB (70% of 8010 MB)
[2021.10.30-16.31.11:141][  0]LogD3D11RHI: RHI has support for 64 bit atomics
[2021.10.30-16.31.11:141][  0]LogD3D11RHI: Async texture creation enabled
[2021.10.30-16.31.11:141][  0]LogD3D11RHI: Array index from any shader is supported
[2021.10.30-16.31.11:161][  0]LogD3D11RHI: GPU Timing Frequency: 1000.000000 (Debug: 2 2)
[2021.10.30-16.31.11:195][  0]LogRHI: GeForceNow SDK initialized: 1
[2021.10.30-16.31.11:502][  0]LogTargetPlatformManager: Display: Loaded TargetPlatform 'WindowsNoEditor'
[2021.10.30-16.31.11:508][  0]LogTargetPlatformManager: Display: Loaded TargetPlatform 'Windows'
[2021.10.30-16.31.11:513][  0]LogTargetPlatformManager: Display: Loaded TargetPlatform 'WindowsClient'
[2021.10.30-16.31.11:518][  0]LogTargetPlatformManager: Display: Loaded TargetPlatform 'WindowsServer'
[2021.10.30-16.31.11:518][  0]LogTargetPlatformManager: Display: Building Assets For Windows
[2021.10.30-16.31.11:527][  0]LogAudioDebug: Display: Lib vorbis DLL was dynamically loaded.
[2021.10.30-16.31.11:611][  0]LogTextureFormatOodle: Display: Oodle Texture 2.9.0 init RDO Off
[2021.10.30-16.31.11:644][  0]LogRendererCore: Ray tracing is disabled. Reason: r.RayTracing=0.
[2021.10.30-16.31.11:644][  0]LogShaderCompilers: Guid format shader working directory is 18 characters bigger than the processId version (D:/Unreal Engine/PaperNinja/Intermediate/Shaders/WorkingDirectory/11204/).
[2021.10.30-16.31.11:644][  0]LogShaderCompilers: Cleaned the shader compiler working directory 'C:/Users/tranl/AppData/Local/Temp/UnrealShaderWorkingDir/F4C1A0E64A4382A90262F09756EC9E32/'.
[2021.10.30-16.31.11:645][  0]LogShaderCompilers: Display: Using XGE Controller for Shader Compilation.
[2021.10.30-16.31.15:475][  0]LogDerivedDataCache: Display: Max Cache Size: 512 MB
[2021.10.30-16.31.15:547][  0]LogDerivedDataCache: Loaded boot cache 0.07s 95MB C:/Users/tranl/AppData/Local/UnrealEngine/4.27/DerivedDataCache/Boot.ddc.
[2021.10.30-16.31.15:547][  0]LogDerivedDataCache: Display: Loaded Boot cache: C:/Users/tranl/AppData/Local/UnrealEngine/4.27/DerivedDataCache/Boot.ddc
[2021.10.30-16.31.15:547][  0]LogDerivedDataCache: FDerivedDataBackendGraph:  Pak pak cache file D:/Unreal Engine/PaperNinja/DerivedDataCache/DDC.ddp not found, will not use a pak cache.
[2021.10.30-16.31.15:547][  0]LogDerivedDataCache: Unable to find inner node Pak for hierarchical cache Hierarchy.
[2021.10.30-16.31.15:547][  0]LogDerivedDataCache: FDerivedDataBackendGraph:  CompressedPak pak cache file D:/Unreal Engine/PaperNinja/DerivedDataCache/Compressed.ddp not found, will not use a pak cache.
[2021.10.30-16.31.15:547][  0]LogDerivedDataCache: Unable to find inner node CompressedPak for hierarchical cache Hierarchy.
[2021.10.30-16.31.15:574][  0]LogDerivedDataCache: Display: Pak cache opened for reading ../../../Engine/DerivedDataCache/Compressed.ddp.
[2021.10.30-16.31.15:574][  0]LogDerivedDataCache: FDerivedDataBackendGraph:  EnterprisePak pak cache file ../../../Enterprise/DerivedDataCache/Compressed.ddp not found, will not use a pak cache.
[2021.10.30-16.31.15:574][  0]LogDerivedDataCache: Unable to find inner node EnterprisePak for hierarchical cache Hierarchy.
[2021.10.30-16.31.15:584][  0]LogDerivedDataCache: Speed tests for C:/Users/tranl/AppData/Local/UnrealEngine/Common/DerivedDataCache took 0.01 seconds
[2021.10.30-16.31.15:584][  0]LogDerivedDataCache: Display: Performance to C:/Users/tranl/AppData/Local/UnrealEngine/Common/DerivedDataCache: Latency=0.02ms. RandomReadSpeed=181.74MBs, RandomWriteSpeed=189.09MBs. Assigned SpeedClass 'Local'
[2021.10.30-16.31.15:585][  0]LogDerivedDataCache: Using Local data cache path C:/Users/tranl/AppData/Local/UnrealEngine/Common/DerivedDataCache: Writable
[2021.10.30-16.31.15:585][  0]LogDerivedDataCache: Shared data cache path not found in *engine.ini, will not use an Shared cache.
[2021.10.30-16.31.15:585][  0]LogDerivedDataCache: Unable to find inner node Shared for hierarchical cache Hierarchy.
[2021.10.30-16.31.15:624][  0]LogSlate: Using FreeType 2.10.0
[2021.10.30-16.31.15:646][  0]LogSlate: SlateFontServices - WITH_FREETYPE: 1, WITH_HARFBUZZ: 1
[2021.10.30-16.31.15:725][  0]LogInit: Using OS detected language (en-US).
[2021.10.30-16.31.15:725][  0]LogInit: Using OS detected locale (en-US).
[2021.10.30-16.31.15:725][  0]LogTextLocalizationManager: No localization for 'en-US' exists, so 'en' will be used for the language.
[2021.10.30-16.31.15:725][  0]LogTextLocalizationManager: No localization for 'en-US' exists, so 'en' will be used for the locale.
[2021.10.30-16.31.15:725][  0]LogSlate: FontCache flush requested. Reason: Culture for localization was changed
[2021.10.30-16.31.15:725][  0]LogSlate: FontCache flush requested. Reason: Culture for localization was changed
[2021.10.30-16.31.15:729][  0]LogTextLocalizationManager: Compacting localization data took   0.02ms
[2021.10.30-16.31.15:729][  0]LogAssetRegistry: FAssetRegistry took 0.0028 seconds to start up
[2021.10.30-16.31.15:872][  0]LogPackageLocalizationCache: Processed 27 localized package path(s) for 1 prioritized culture(s) in 0.001042 seconds
[2021.10.30-16.31.15:931][  0]LogInit: Selected Device Profile: [Windows]
[2021.10.30-16.31.15:931][  0]LogInit: Active device profile: [000001904B53A300][0000019040CE8C40 49] Windows
[2021.10.30-16.31.15:931][  0]LogInit: Profiles: [000001904B53A300][0000019040CE8C40 49] Windows, [000001904B4FA000][0000019040CF0DC0 49] WindowsNoEditor, [000001904B539F00][0000019040CF4F40 49] WindowsServer, [000001904B4FA300][0000019040CF90C0 49] WindowsClient, [000001904B53BF00][0000019040CFD240 49] IOS, [000001904B4FA200][0000019040CED380 49] iPadAir, [000001904B538100][0000019040FB94C0 49] iPadAir2, [000001904B4A3200][0000019040FC1700 49] IPadPro, [000001904B4A3300][0000019040FBD740 49] iPadAir3, [000001904B539C00][0000019040FC98C0 49] iPadAir4, [000001904B4A2300][0000019040FCDA40 49] iPadMini2, [000001904B53BC00][0000019040FD1BC0 49] iPadMini3, [000001904B4A0800][0000019040FD41C0 49] iPadMini4, [000001904B538500][0000019040FD8340 49] iPadMini5, [000001904B532B00][0000019040FE0600 49] iPhone6, [000001904B532C00][0000019040FDC640 49] iPodTouch6, [000001904B4A1200][0000019040FE8900 49] iPhone7, [000001904B4A1100][0000019040FE4940 49] iPodTouch7, [000001904B532200][0000019040FECAC0 49] iPhone5S, [000001904B4A1D00][0000019040FF0C40 49] iPhone6Plus, [000001904B530600][0000019040FF4DC0 49] iPhone6S, [000001904B4A3E00][0000019040FF8F40 49] iPhone6SPlus, [000001904B533400][0000019040FFD0C0 49] iPhone7Plus, [000001904B4A0600][0000019041001240 49] iPhoneSE, [000001904B532700][000001904B8E33C0 49] iPhone8, [000001904B4A0B00][0000019040FC5500 49] iPhone8Plus, [000001904B532A00][000001904B8E7640 49] iPhoneX, [000001904B4A1400][000001904B8EB780 49] iPhoneXS, [000001904B530F00][000001904B8EF8C0 49] iPhoneXSMax, [000001904B4A2900][000001904B8F7A40 49] iPhoneXR, [000001904B533D00][000001904B8FBBC0 49] iPhone11, [000001904B4A3A00][000001904B8FE1C0 49] iPhone11Pro, [000001904B531A00][000001904B902340 49] iPhone11ProMax, [000001904B4A1700][000001904B9064C0 49] iPhoneSE2, [000001904B533500][000001904B90A640 49] iPhone12Mini, [000001904B4A1B00][000001904B90E7C0 49] iPhone12, [000001904B530B00][000001904B912940 49] iPhone12Pro, [000001904B4A1600][000001904B916AC0 49] iPhone12ProMax, [000001904B532F00][000001904B91AC40 49] iPadPro105, [000001904B4A2100][000001904B91EDC0 49] iPadPro129, [000001904B531200][000001904B922F40 49] iPadPro97, [000001904B4A2000][000001904B9270C0 49] iPadPro2_129, [000001904B531B00][000001904B92B240 49] iPad5, [000001904B4A0500][000001904B92F3C0 49] iPad6, [000001904B533E00][000001904B933540 49] iPad7, [000001904B4FBA00][000001904B9376C0 49] iPad8, [000001904B57C900][000001904B8F3800 49] iPadPro11, [000001904B4FAD00][000001904B93B940 49] iPadPro2_11, [000001904B533800][000001904B93FA80 49] iPadPro3_129, [000001904B4FA100][000001904B947C00 49] iPadPro4_129, [000001904B532500][000001904B94A200 49] AppleTV, [000001904B4FAA00][000001904B94E380 49] AppleTV4K, [000001904B531900][000001904B952500 49] TVOS, [000001904B4F9100][000001904B956680 49] Mac, [000001904B533A00][000001904B95A800 49] MacClient, [000001904B4FAF00][000001904B95E980 49] MacNoEditor, [000001904B533100][000001904B962B00 49] MacServer, [000001904B4FBB00][000001904B966C80 49] Linux, [000001904B530300][000001904B96AE00 49] LinuxAArch64, [000001904B4FBE00][000001904B96EF80 49] LinuxNoEditor, [000001904B532300][000001904B973100 49] LinuxAArch64NoEditor, [000001904B4F8D00][000001904B977280 49] LinuxClient, [000001904B531D00][000001904B97B400 49] LinuxAArch64Client, [000001904B4F8F00][000001904B97F580 49] LinuxServer, [000001904B532800][000001904B983700 49] LinuxAArch64Server, [000001904B4F9B00][000001904B987880 49] Android, [000001904B532E00][000001904B9439C0 49] Android_Low, [000001904B4F9700][000001904B98BB00 49] Android_Mid, [000001904B533C00][000001904B98E0C0 49] Android_High, [000001904B4F8500][000001904B996240 49] Android_Default, [000001904B530800][000001904B99A3C0 49] Android_Adreno4xx, [000001904B4F9800][000001904B99E540 49] Android_Adreno5xx_Low, [000001904B533600][000001904B9A26C0 49] Android_Adreno5xx, [000001904B4F9500][000001904B9A6840 49] Android_Adreno6xx, [000001904B530500][000001904B9AA9C0 49] Android_Adreno6xx_Vulkan, [000001904B4FA800][000001904B9AEB40 49] Android_Mali_T6xx, [000001904B531300][000001904B9B2CC0 49] Android_Mali_T7xx, [000001904B4FB500][000001904B9B6E40 49] Android_Mali_T8xx, [000001904B530700][000001904B9BAFC0 49] Android_Mali_G71, [000001904B4FB600][000001904B9BF140 49] Android_Mali_G72, [000001904B532100][000001904B9C32C0 49] Android_Mali_G72_Vulkan, [000001904B4F9200][000001904B9C7440 49] Android_Mali_G76, [000001904B531000][000001904B9CB5C0 49] Android_Mali_G76_Vulkan, [000001904B4F9300][000001904B9CF740 49] Android_Mali_G77, [000001904B531E00][000001904B9D38C0 49] Android_Mali_G77_Vulkan, [000001904B4F8A00][000001904B9D7A40 49] Android_Mali_G78, [000001904B531600][000001904B993B80 49] Android_Mali_G78_Vulkan, [000001904B4F9600][000001904B9DA140 49] Android_Mali_G710, [000001904B530C00][000001904B9DE280 49] Android_Mali_G710_Vulkan, [000001904B4FA700][000001904B9E23C0 49] Android_Vulkan_SM5, [000001904B53BE00][000001904B9EA540 49] Android_PowerVR_G6xxx, [000001904B4A2700][000001904B9EE6C0 49] Android_PowerVR_GT7xxx, [000001904B539200][000001904B9F2840 49] Android_PowerVR_GE8xxx, [000001904B4A0F00][000001904B9F69C0 49] Android_PowerVR_GM9xxx, [000001904B538D00][000001904B9FAB40 49] Android_PowerVR_GM9xxx_Vulkan, [000001904B4A0E00][000001904B9FECC0 49] Android_TegraK1, [000001904B53B100][000001904BA02E40 49] Android_Unknown_Vulkan, [000001904B4A1000][000001904BA06FC0 49] Lumin, [000001904B53A400][000001904BA0B140 49] Lumin_Desktop, [000001904B4A1E00][000001904BA0F2C0 49] HoloLens, 
[2021.10.30-16.31.16:067][  0]LogMeshReduction: Using QuadricMeshReduction for automatic static mesh reduction
[2021.10.30-16.31.16:067][  0]LogMeshReduction: Using SimplygonMeshReduction for automatic skeletal mesh reduction
[2021.10.30-16.31.16:067][  0]LogMeshReduction: Using ProxyLODMeshReduction for automatic mesh merging
[2021.10.30-16.31.16:067][  0]LogMeshReduction: No distributed automatic mesh merging module available
[2021.10.30-16.31.16:067][  0]LogMeshMerging: No distributed automatic mesh merging module available
[2021.10.30-16.31.16:194][  0]LogNetVersion: PaperNinja 1.0.0, NetCL: 17155196, EngineNetVer: 17, GameNetVer: 0 (Checksum: 2922397115)
[2021.10.30-16.31.17:097][  0]LogTexture: Default maximum texture size for cubemaps generated from long-lat sources has been changed from 512 to unlimited. In order to preserve old behaiour for '/Engine/MapTemplates/Sky/DaylightAmbientCubemap.DaylightAmbientCubemap', its maximum texture size has been explicitly set to 512.
[2021.10.30-16.31.17:221][  0]LogHMD: PokeAHoleMaterial loaded successfully
[2021.10.30-16.31.17:365][  0]LogMoviePlayer: Initializing movie player
[2021.10.30-16.31.17:503][  0]LogNiagaraDebuggerClient: Niagara Debugger Client Initialized | Session: 3D1FAC3149AC23AD3B1ED38A1128E786 | Instance: 0BF313DB42E00386D100EAB680D9408D (LAPTOP-F9C5G8BQ-11204).
[2021.10.30-16.31.17:519][  0]LogCollectionManager: Loaded 0 collections in 0.001185 seconds
[2021.10.30-16.31.17:521][  0]LogFileCache: Scanning file cache for directory 'D:/Unreal Engine/PaperNinja/Saved/Collections/' took 0.00s
[2021.10.30-16.31.17:521][  0]LogFileCache: Scanning file cache for directory 'D:/Unreal Engine/PaperNinja/Content/Developers/tranl/Collections/' took 0.00s
[2021.10.30-16.31.17:521][  0]LogFileCache: Scanning file cache for directory 'D:/Unreal Engine/PaperNinja/Content/Collections/' took 0.00s
[2021.10.30-16.31.17:521][  0]LogCollectionManager: Fixed up redirectors for 0 collections in 0.000002 seconds (updated 0 objects)
[2021.10.30-16.31.17:538][  0]LogStreaming: Warning: Failed to read file '../../../Engine/Content/Editor/Slate/Niagara/MenuSeparator.png' error.
[2021.10.30-16.31.17:538][  0]LogSlate: Could not find file for Slate resource: ../../../Engine/Content/Editor/Slate/Niagara/MenuSeparator.png
[2021.10.30-16.31.17:538][  0]LogStreaming: Warning: Failed to read file '../../../Engine/Content/Editor/Slate/Niagara/Common/Selector.png' error.
[2021.10.30-16.31.17:538][  0]LogSlate: Could not find file for Slate resource: ../../../Engine/Content/Editor/Slate/Niagara/Common/Selector.png
[2021.10.30-16.31.17:538][  0]LogStreaming: Warning: Failed to read file '../../../Engine/Content/Editor/Slate/Niagara/Common/Selection.png' error.
[2021.10.30-16.31.17:538][  0]LogSlate: Could not find file for Slate resource: ../../../Engine/Content/Editor/Slate/Niagara/Common/Selection.png
[2021.10.30-16.31.17:538][  0]LogStreaming: Warning: Failed to read file '../../../Engine/Content/Editor/Slate/Niagara/Common/DropZoneIndicator_Above.png' error.
[2021.10.30-16.31.17:538][  0]LogSlate: Could not find file for Slate resource: ../../../Engine/Content/Editor/Slate/Niagara/Common/DropZoneIndicator_Above.png
[2021.10.30-16.31.17:538][  0]LogStreaming: Warning: Failed to read file '../../../Engine/Content/Editor/Slate/Niagara/Common/DropZoneIndicator_Onto.png' error.
[2021.10.30-16.31.17:538][  0]LogSlate: Could not find file for Slate resource: ../../../Engine/Content/Editor/Slate/Niagara/Common/DropZoneIndicator_Onto.png
[2021.10.30-16.31.17:538][  0]LogStreaming: Warning: Failed to read file '../../../Engine/Content/Editor/Slate/Niagara/Common/DropZoneIndicator_Below.png' error.
[2021.10.30-16.31.17:538][  0]LogSlate: Could not find file for Slate resource: ../../../Engine/Content/Editor/Slate/Niagara/Common/DropZoneIndicator_Below.png
[2021.10.30-16.31.17:538][  0]LogStreaming: Warning: Failed to read file '../../../Engine/Content/Editor/Slate/Niagara/Common/RoundedSelection_16x.png' error.
[2021.10.30-16.31.17:538][  0]LogSlate: Could not find file for Slate resource: ../../../Engine/Content/Editor/Slate/Niagara/Common/RoundedSelection_16x.png
[2021.10.30-16.31.17:538][  0]LogStreaming: Warning: Failed to read file '../../../Engine/Content/Editor/Slate/Niagara/Common/FlatButton.png' error.
[2021.10.30-16.31.17:538][  0]LogSlate: Could not find file for Slate resource: ../../../Engine/Content/Editor/Slate/Niagara/Common/FlatButton.png
[2021.10.30-16.31.17:538][  0]LogImageWrapper: Warning: PNG Warning: Duplicate iCCP chunk
[2021.10.30-16.31.17:538][  0]LogImageWrapper: Warning: PNG Warning: Duplicate iCCP chunk
[2021.10.30-16.31.17:538][  0]LogPython: Using Python 3.7.7
[2021.10.30-16.31.18:363][  0]LogUdpMessaging: Initializing bridge on interface 0.0.0.0:0 to multicast group 230.0.0.1:6666.
[2021.10.30-16.31.18:373][  0]LogTcpMessaging: Initializing TcpMessaging bridge
[2021.10.30-16.31.18:467][  0]SourceControl: Source control is disabled
[2021.10.30-16.31.18:467][  0]SourceControl: Source control is disabled
[2021.10.30-16.31.18:470][  0]SourceControl: Source control is disabled
[2021.10.30-16.31.18:477][  0]LogUProjectInfo: Found projects:
[2021.10.30-16.31.18:562][  0]LogOpenImageDenoise: OIDN starting up
[2021.10.30-16.31.18:596][  0]LogAndroidPermission: UAndroidPermissionCallbackProxy::GetInstance
[2021.10.30-16.31.18:610][  0]LogAudioCaptureCore: Display: No Audio Capture implementations found. Audio input will be silent.
[2021.10.30-16.31.18:610][  0]LogAudioCaptureCore: Display: No Audio Capture implementations found. Audio input will be silent.
[2021.10.30-16.31.18:693][  0]LogOcInput: OculusInput pre-init called
[2021.10.30-16.31.18:701][  0]LogUObjectArray: 22121 objects as part of root set at end of initial load.
[2021.10.30-16.31.18:701][  0]LogUObjectAllocator: 5975440 out of 0 bytes used by permanent object pool.
[2021.10.30-16.31.18:701][  0]LogUObjectArray: CloseDisregardForGC: 0/0 objects in disregard for GC pool
[2021.10.30-16.31.18:770][  0]LogEngine: Initializing Engine...
[2021.10.30-16.31.18:806][  0]LogHMD: Failed to enumerate extensions. Please check that you have a valid OpenXR runtime installed.
[2021.10.30-16.31.18:807][  0]LogHMD: Failed to initialize OpenVR with code 110
[2021.10.30-16.31.18:807][  0]LogMagicLeap: Warning: VR disabled because ZI is not enabled.  To enable, in the editor, Edit -> Project Settings -> Plugins -> Magic Leap Plugin -> Enable Zero Iteration
[2021.10.30-16.31.18:808][  0]LogStats: UGameplayTagsManager::InitializeManager -  0.000 s
[2021.10.30-16.31.19:083][  0]LogInit: Initializing FReadOnlyCVARCache
[2021.10.30-16.31.19:083][  0]LogAudio: Display: Initializing Audio Device Manager...
[2021.10.30-16.31.19:086][  0]LogAudio: Display: Loading Default Audio Settings Objects...
[2021.10.30-16.31.19:093][  0]LogAudio: Display: No default SoundConcurrencyObject specified (or failed to load).
[2021.10.30-16.31.19:093][  0]LogAudio: Display: Audio Device Manager Initialized
[2021.10.30-16.31.19:093][  0]LogAudio: Display: Creating Audio Device:                 Id: 1, Scope: Shared, Realtime: True
[2021.10.30-16.31.19:093][  0]LogAudioMixer: Display: Audio Mixer Platform Settings:
[2021.10.30-16.31.19:093][  0]LogAudioMixer: Display: 	Sample Rate:						  48000
[2021.10.30-16.31.19:093][  0]LogAudioMixer: Display: 	Callback Buffer Frame Size Requested: 1024
[2021.10.30-16.31.19:093][  0]LogAudioMixer: Display: 	Callback Buffer Frame Size To Use:	  1024
[2021.10.30-16.31.19:093][  0]LogAudioMixer: Display: 	Number of buffers to queue:			  2
[2021.10.30-16.31.19:093][  0]LogAudioMixer: Display: 	Max Channels (voices):				  32
[2021.10.30-16.31.19:093][  0]LogAudioMixer: Display: 	Number of Async Source Workers:		  0
[2021.10.30-16.31.19:093][  0]LogAudio: Display: AudioDevice MaxSources: 32
[2021.10.30-16.31.19:093][  0]LogAudio: Display: Audio Spatialization Plugin: None (built-in).
[2021.10.30-16.31.19:093][  0]LogAudio: Display: Audio Reverb Plugin: None (built-in).
[2021.10.30-16.31.19:094][  0]LogAudio: Display: Audio Occlusion Plugin: None (built-in).
[2021.10.30-16.31.19:094][  0]LogAudioMixer: Display: Initializing audio mixer.
[2021.10.30-16.31.19:106][  0]LogAudioMixer: Display: 0: FrontLeft
[2021.10.30-16.31.19:106][  0]LogAudioMixer: Display: 1: FrontRight
[2021.10.30-16.31.19:117][  0]LogAudioMixer: Display: Using Audio Device Speakers (Realtek(R) Audio)
[2021.10.30-16.31.19:117][  0]LogAudioMixer: Display: Initializing Sound Submixes...
[2021.10.30-16.31.19:144][  0]LogAudioMixer: Display: Creating Master Submix 'MasterSubmixDefault'
[2021.10.30-16.31.19:144][  0]LogAudioMixer: Display: Creating Master Submix 'MasterReverbSubmixDefault'
[2021.10.30-16.31.19:145][  0]LogAudioMixer: Display: Creating Master Submix 'MasterEQSubmixDefault'
[2021.10.30-16.31.19:145][  0]LogAudioMixer: FMixerPlatformXAudio2::StartAudioStream() called
[2021.10.30-16.31.19:145][  0]LogAudioMixer: Display: Output buffers initialized: Frames=1024, Channels=2, Samples=2048
[2021.10.30-16.31.19:146][  0]LogAudioMixer: Display: Starting AudioMixerPlatformInterface::RunInternal()
[2021.10.30-16.31.19:146][  0]LogAudioMixer: Display: FMixerPlatformXAudio2::SubmitBuffer() called for the first time
[2021.10.30-16.31.19:146][  0]LogInit: FAudioDevice initialized.
[2021.10.30-16.31.19:147][  0]LogNetVersion: Set ProjectVersion to 1.0.0.0. Version Checksum will be recalculated on next use.
[2021.10.30-16.31.19:149][  0]LogInit: Texture streaming: Enabled
[2021.10.30-16.31.19:415][  0]LogAudio: Display: Audio Device (ID: 1) registered with world 'Untitled'.
[2021.10.30-16.31.19:415][  0]LogSlate: Updating window title bar state: overlay mode, drag disabled, window buttons hidden, title bar hidden
[2021.10.30-16.31.19:416][  0]LogInit: Display: Game Engine Initialized.
[2021.10.30-16.31.19:416][  0]LogNiagaraEditor: GEditor isn't valid! Particle reset commands will not work for Niagara components!
[2021.10.30-16.31.19:505][  0]LogStreaming: Warning: Failed to read file '../../../Engine/Content/Editor/Slate/Niagara/MenuSeparator.png' error.
[2021.10.30-16.31.19:505][  0]LogSlate: Could not find file for Slate resource: ../../../Engine/Content/Editor/Slate/Niagara/MenuSeparator.png
[2021.10.30-16.31.19:505][  0]LogStreaming: Warning: Failed to read file '../../../Engine/Content/Editor/Slate/Niagara/Common/Selector.png' error.
[2021.10.30-16.31.19:505][  0]LogSlate: Could not find file for Slate resource: ../../../Engine/Content/Editor/Slate/Niagara/Common/Selector.png
[2021.10.30-16.31.19:505][  0]LogStreaming: Warning: Failed to read file '../../../Engine/Content/Editor/Slate/Niagara/Common/Selection.png' error.
[2021.10.30-16.31.19:505][  0]LogSlate: Could not find file for Slate resource: ../../../Engine/Content/Editor/Slate/Niagara/Common/Selection.png
[2021.10.30-16.31.19:505][  0]LogStreaming: Warning: Failed to read file '../../../Engine/Content/Editor/Slate/Niagara/Common/DropZoneIndicator_Above.png' error.
[2021.10.30-16.31.19:505][  0]LogSlate: Could not find file for Slate resource: ../../../Engine/Content/Editor/Slate/Niagara/Common/DropZoneIndicator_Above.png
[2021.10.30-16.31.19:505][  0]LogStreaming: Warning: Failed to read file '../../../Engine/Content/Editor/Slate/Niagara/Common/DropZoneIndicator_Onto.png' error.
[2021.10.30-16.31.19:505][  0]LogSlate: Could not find file for Slate resource: ../../../Engine/Content/Editor/Slate/Niagara/Common/DropZoneIndicator_Onto.png
[2021.10.30-16.31.19:505][  0]LogStreaming: Warning: Failed to read file '../../../Engine/Content/Editor/Slate/Niagara/Common/DropZoneIndicator_Below.png' error.
[2021.10.30-16.31.19:505][  0]LogSlate: Could not find file for Slate resource: ../../../Engine/Content/Editor/Slate/Niagara/Common/DropZoneIndicator_Below.png
[2021.10.30-16.31.19:505][  0]LogStreaming: Warning: Failed to read file '../../../Engine/Content/Editor/Slate/Niagara/Common/RoundedSelection_16x.png' error.
[2021.10.30-16.31.19:505][  0]LogSlate: Could not find file for Slate resource: ../../../Engine/Content/Editor/Slate/Niagara/Common/RoundedSelection_16x.png
[2021.10.30-16.31.19:506][  0]LogStreaming: Warning: Failed to read file '../../../Engine/Content/Editor/Slate/Niagara/Common/FlatButton.png' error.
[2021.10.30-16.31.19:506][  0]LogSlate: Could not find file for Slate resource: ../../../Engine/Content/Editor/Slate/Niagara/Common/FlatButton.png
[2021.10.30-16.31.19:506][  0]LogImageWrapper: Warning: PNG Warning: Duplicate iCCP chunk
[2021.10.30-16.31.19:506][  0]LogImageWrapper: Warning: PNG Warning: Duplicate iCCP chunk
[2021.10.30-16.31.19:520][  0]LogInit: Display: Starting Game.
[2021.10.30-16.31.19:520][  0]LogNet: Browse: /Game/Map/Stage01/PNStage01_Top?Name=Player
[2021.10.30-16.31.19:521][  0]LogLoad: LoadMap: /Game/Map/Stage01/PNStage01_Top?Name=Player
[2021.10.30-16.31.19:521][  0]LogWorld: BeginTearingDown for /Temp/Untitled_0
[2021.10.30-16.31.19:522][  0]LogWorld: UWorld::CleanupWorld for Untitled, bSessionEnded=true, bCleanupResources=true
[2021.10.30-16.31.19:522][  0]LogSlate: InvalidateAllWidgets triggered.  All widgets were invalidated
[2021.10.30-16.31.19:526][  0]LogAudio: Display: Audio Device unregistered from world 'None'.
[2021.10.30-16.31.19:528][  0]LogUObjectHash: Compacting FUObjectHashTables data took   0.66ms
[2021.10.30-16.31.19:636][  0]LogAudio: Display: Audio Device (ID: 1) registered with world 'PNStage01_Top'.
[2021.10.30-16.31.19:643][  0]LogAIModule: Creating AISystem for world PNStage01_Top
[2021.10.30-16.31.19:643][  0]LogLoad: Game class is 'PNGameMode_C'
[2021.10.30-16.31.19:645][  0]LogWorld: Bringing World /Game/Map/Stage01/PNStage01_Top.PNStage01_Top up for play (max tick rate 0) at 2021.10.31-01.31.19
[2021.10.30-16.31.19:645][  0]LogWorld: Bringing up level for play took: 0.000571
[2021.10.30-16.31.19:646][  0]LogGameMode: FindPlayerStart: PATHS NOT DEFINED or NO PLAYERSTART with positive rating
[2021.10.30-16.31.19:649][  0]LogLoad: Took 0.128006 seconds to LoadMap(/Game/Map/Stage01/PNStage01_Top)
[2021.10.30-16.31.19:722][  0]LogRenderer: Reallocating scene render targets to support 1280x720 Format 10 NumSamples 1 (Frame:1).
[2021.10.30-16.31.19:722][  0]LogSlate: Took 0.007573 seconds to synchronously load lazily loaded font '../../../Engine/Content/Slate/Fonts/Roboto-Regular.ttf' (155K)
[2021.10.30-16.31.19:776][  0]LogInit: Display: Engine is initialized. Leaving FEngineLoop::Init()
[2021.10.30-16.31.19:776][  0]LogLoad: (Engine Initialization) Total time: 12.39 seconds
[2021.10.30-16.31.19:776][  0]LogLoad: (Engine Initialization) Total Blueprint compile time: 0.00 seconds
[2021.10.30-16.31.19:780][  0]LogContentStreaming: Texture pool size now 1000 MB
[2021.10.30-16.31.19:782][  0]LogSlate: InvalidateAllWidgets triggered.  All widgets were invalidated
[2021.10.30-16.31.19:902][  1]LogSlate: Took 0.000101 seconds to synchronously load lazily loaded font '../../../Engine/Content/Slate/Fonts/Roboto-Regular.ttf' (155K)
